2024-05-03 14:12:23,653 DEBUG urllib3.connectionpool Starting new HTTPS connection (1): steamcommunity.com:443
2024-05-03 14:12:24,168 DEBUG urllib3.connectionpool https://steamcommunity.com:443 "GET /inventory/76561198310188284/440/2?count=3000 HTTP/1.1" 200 43635
2024-05-03 14:14:15,600 INFO __main__ Program started: 1714734855
2024-05-03 14:14:15,602 DEBUG urllib3.connectionpool Starting new HTTPS connection (1): steamcommunity.com:443
2024-05-03 14:14:16,221 DEBUG urllib3.connectionpool https://steamcommunity.com:443 "GET /inventory/76561198310188284/440/2?count=3000 HTTP/1.1" 200 43592
2024-05-03 14:17:10,551 INFO __main__ 1714735030 Program started
2024-05-03 14:17:10,553 DEBUG urllib3.connectionpool Starting new HTTPS connection (1): steamcommunity.com:443
2024-05-03 14:17:11,336 DEBUG urllib3.connectionpool https://steamcommunity.com:443 "GET /inventory/76561198310188284/440/2?count=3000 HTTP/1.1" 200 43592
2024-05-06 15:18:59,406 INFO __main__ 1714997939 Program started
2024-05-06 15:18:59,409 DEBUG urllib3.connectionpool Starting new HTTPS connection (1): steamcommunity.com:443
2024-05-06 15:19:00,425 DEBUG urllib3.connectionpool https://steamcommunity.com:443 "GET /inventory/76561198310188284/440/2?count=3000 HTTP/1.1" 200 40480
2024-05-06 15:19:29,711 INFO __main__ 1714997969 Program started
2024-05-06 15:19:29,713 DEBUG urllib3.connectionpool Starting new HTTPS connection (1): steamcommunity.com:443
2024-05-06 15:19:30,342 DEBUG urllib3.connectionpool https://steamcommunity.com:443 "GET /inventory/76561198310188284/440/2?count=3000 HTTP/1.1" 200 40480
2024-05-06 15:19:50,231 INFO __main__ 1714997990 Program started
2024-05-06 15:19:50,233 DEBUG urllib3.connectionpool Starting new HTTPS connection (1): steamcommunity.com:443
2024-05-06 15:19:50,806 DEBUG urllib3.connectionpool https://steamcommunity.com:443 "GET /inventory/76561198310188284/440/2?count=3000 HTTP/1.1" 200 40480
2024-05-06 15:20:05,477 INFO __main__ 1714998005 Program started
2024-05-06 15:20:05,479 DEBUG urllib3.connectionpool Starting new HTTPS connection (1): steamcommunity.com:443
2024-05-06 15:20:06,012 DEBUG urllib3.connectionpool https://steamcommunity.com:443 "GET /inventory/76561198310188284/440/2?count=3000 HTTP/1.1" 200 40480
2024-05-06 15:20:26,001 INFO __main__ 1714998026 Program started
2024-05-06 15:20:26,004 DEBUG urllib3.connectionpool Starting new HTTPS connection (1): steamcommunity.com:443
2024-05-06 15:20:26,658 DEBUG urllib3.connectionpool https://steamcommunity.com:443 "GET /inventory/76561198310188284/440/2?count=3000 HTTP/1.1" 200 40480
2024-05-06 15:20:56,443 INFO __main__ 1714998056 Program started
2024-05-06 15:20:56,445 DEBUG urllib3.connectionpool Starting new HTTPS connection (1): steamcommunity.com:443
2024-05-06 15:20:56,964 DEBUG urllib3.connectionpool https://steamcommunity.com:443 "GET /inventory/76561198310188284/440/2?count=3000 HTTP/1.1" 200 40480
2024-05-06 15:20:58,732 DEBUG urllib3.connectionpool Starting new HTTPS connection (1): api.telegram.org:443
2024-05-06 15:20:59,046 DEBUG urllib3.connectionpool https://api.telegram.org:443 "POST /bot7106357963:AAGVHfEj4kzhF5am444SIfpB8kRttDy_FHI/sendMessage?chat_id=6653108996&text=2+valuable+items%0A+vintage+whiskered+gentleman%2C+%3Csqlite3.Cursor+object+at+0x7afabce87040%3E%0A+vintage+whiskered+gentleman%2C+%3Csqlite3.Cursor+object+at+0x7afabce87040%3E HTTP/1.1" 200 421
2024-05-06 15:21:48,958 INFO __main__ 1714998108 Program started
2024-05-06 15:21:48,961 DEBUG urllib3.connectionpool Starting new HTTPS connection (1): steamcommunity.com:443
2024-05-06 15:21:51,952 DEBUG urllib3.connectionpool https://steamcommunity.com:443 "GET /inventory/76561198310188284/440/2?count=3000 HTTP/1.1" 200 40480
2024-05-06 15:23:59,108 INFO __main__ 1714998239 Program started
2024-05-06 15:23:59,110 DEBUG urllib3.connectionpool Starting new HTTPS connection (1): steamcommunity.com:443
2024-05-06 15:23:59,691 DEBUG urllib3.connectionpool https://steamcommunity.com:443 "GET /inventory/76561198310188284/440/2?count=3000 HTTP/1.1" 200 40480
2024-05-06 15:24:01,434 DEBUG urllib3.connectionpool Starting new HTTPS connection (1): api.telegram.org:443
2024-05-06 15:24:01,748 DEBUG urllib3.connectionpool https://api.telegram.org:443 "POST /bot7106357963:AAGVHfEj4kzhF5am444SIfpB8kRttDy_FHI/sendMessage?chat_id=6653108996&text=2+valuable+items%0A+vintage+whiskered+gentleman%2C+%28%27Vintage+Collector%27%2C%29%0A+vintage+whiskered+gentleman%2C+%28%27Vintage+Collector%27%2C%29 HTTP/1.1" 200 383
2024-05-06 15:24:57,652 INFO __main__ 1714998297 Program started
2024-05-06 15:24:57,654 DEBUG urllib3.connectionpool Starting new HTTPS connection (1): steamcommunity.com:443
2024-05-06 15:24:58,428 DEBUG urllib3.connectionpool https://steamcommunity.com:443 "GET /inventory/76561198310188284/440/2?count=3000 HTTP/1.1" 200 40480
2024-05-06 15:25:00,246 DEBUG urllib3.connectionpool Starting new HTTPS connection (1): api.telegram.org:443
2024-05-06 15:25:00,540 DEBUG urllib3.connectionpool https://api.telegram.org:443 "POST /bot7106357963:AAGVHfEj4kzhF5am444SIfpB8kRttDy_FHI/sendMessage?chat_id=6653108996&text=2+valuable+items%0A+vintage+whiskered+gentleman%2C+Vintage+Collector%0A+vintage+whiskered+gentleman%2C+Vintage+Collector HTTP/1.1" 200 373
2024-05-07 11:59:31,804 INFO __main__ 1715072371 Program started
2024-05-07 11:59:31,806 DEBUG urllib3.connectionpool Starting new HTTPS connection (1): steamcommunity.com:443
2024-05-07 11:59:32,906 DEBUG urllib3.connectionpool https://steamcommunity.com:443 "GET /inventory/76561198383794129/440/2?count=3000 HTTP/1.1" 200 None
2024-05-07 11:59:37,707 DEBUG urllib3.connectionpool https://steamcommunity.com:443 "GET /inventory/76561199582352552/440/2?count=3000 HTTP/1.1" 200 None
2024-05-07 11:59:41,618 DEBUG urllib3.connectionpool https://steamcommunity.com:443 "GET /inventory/76561198310024994/440/2?count=3000 HTTP/1.1" 200 None
2024-05-07 11:59:46,071 DEBUG urllib3.connectionpool https://steamcommunity.com:443 "GET /inventory/76561198309998421/440/2?count=3000 HTTP/1.1" 200 None
2024-05-07 11:59:49,945 DEBUG urllib3.connectionpool https://steamcommunity.com:443 "GET /inventory/76561198310454087/440/2?count=3000 HTTP/1.1" 200 None
2024-05-07 11:59:53,840 DEBUG urllib3.connectionpool https://steamcommunity.com:443 "GET /inventory/76561198309976634/440/2?count=3000 HTTP/1.1" 200 None
2024-05-07 11:59:57,531 DEBUG urllib3.connectionpool https://steamcommunity.com:443 "GET /inventory/76561198310524424/440/2?count=3000 HTTP/1.1" 200 None
2024-05-07 12:00:01,274 DEBUG urllib3.connectionpool https://steamcommunity.com:443 "GET /inventory/76561199582907694/440/2?count=3000 HTTP/1.1" 200 None
2024-05-07 12:00:04,635 DEBUG urllib3.connectionpool https://steamcommunity.com:443 "GET /inventory/76561198309190452/440/2?count=3000 HTTP/1.1" 200 None
2024-05-07 12:00:08,421 DEBUG urllib3.connectionpool https://steamcommunity.com:443 "GET /inventory/76561198309291300/440/2?count=3000 HTTP/1.1" 200 None
2024-05-07 12:00:12,050 DEBUG urllib3.connectionpool https://steamcommunity.com:443 "GET /inventory/76561198309405764/440/2?count=3000 HTTP/1.1" 200 None
2024-05-07 12:00:15,218 DEBUG urllib3.connectionpool https://steamcommunity.com:443 "GET /inventory/76561198923568511/440/2?count=3000 HTTP/1.1" 200 None
2024-05-07 12:00:19,677 DEBUG urllib3.connectionpool https://steamcommunity.com:443 "GET /inventory/76561198310691078/440/2?count=3000 HTTP/1.1" 200 None
2024-05-07 12:00:23,613 DEBUG urllib3.connectionpool https://steamcommunity.com:443 "GET /inventory/76561198309750232/440/2?count=3000 HTTP/1.1" 200 None
2024-05-07 12:00:26,724 DEBUG urllib3.connectionpool https://steamcommunity.com:443 "GET /inventory/76561198310188284/440/2?count=3000 HTTP/1.1" 200 40674
2024-05-07 12:00:28,154 DEBUG urllib3.connectionpool https://steamcommunity.com:443 "GET /inventory/76561198311319887/440/2?count=3000 HTTP/1.1" 200 None
2024-05-07 12:00:30,874 DEBUG urllib3.connectionpool https://steamcommunity.com:443 "GET /inventory/76561198311521627/440/2?count=3000 HTTP/1.1" 200 None
2024-05-07 12:00:33,983 DEBUG urllib3.connectionpool https://steamcommunity.com:443 "GET /inventory/76561199026476781/440/2?count=3000 HTTP/1.1" 200 None
2024-05-07 12:00:36,585 DEBUG urllib3.connectionpool https://steamcommunity.com:443 "GET /inventory/76561199026476781/440/2?count=3000 HTTP/1.1" 200 None
2024-05-07 12:00:40,188 DEBUG urllib3.connectionpool Starting new HTTPS connection (1): stntrading.eu:443
2024-05-07 12:00:40,386 DEBUG urllib3.connectionpool https://stntrading.eu:443 "POST /api/search HTTP/1.1" 200 None
2024-05-07 12:02:18,418 INFO __main__ 1715072538 Program started
2024-05-07 12:02:18,425 DEBUG urllib3.connectionpool Starting new HTTPS connection (1): steamcommunity.com:443
2024-05-07 12:02:19,779 DEBUG urllib3.connectionpool https://steamcommunity.com:443 "GET /inventory/76561198383794129/440/2?count=3000 HTTP/1.1" 200 None
2024-05-07 12:02:21,943 DEBUG urllib3.connectionpool https://steamcommunity.com:443 "GET /inventory/76561199582352552/440/2?count=3000 HTTP/1.1" 200 None
2024-05-07 12:05:05,171 INFO __main__ 1715072705 Program started
2024-05-07 12:05:11,559 INFO __main__ 1715072711 Program started
2024-05-07 12:05:11,561 DEBUG urllib3.connectionpool Starting new HTTPS connection (1): steamcommunity.com:443
2024-05-07 12:05:12,134 DEBUG urllib3.connectionpool https://steamcommunity.com:443 "GET /inventory/76561198310188284/440/2?count=3000 HTTP/1.1" 200 40674
2024-05-07 12:05:13,410 DEBUG urllib3.connectionpool Starting new HTTPS connection (1): api.telegram.org:443
2024-05-07 12:05:13,711 DEBUG urllib3.connectionpool https://api.telegram.org:443 "POST /bot7106357963:AAGVHfEj4kzhF5am444SIfpB8kRttDy_FHI/sendMessage?chat_id=6653108996&text=2+valuable+items%0ANAME%3A+vintage+whiskered+gentleman%2C+BOT%3A+Vintage+Collector%2C+LINK%3A+https%3A%2F%2Fstntrading.eu%2Fitem%2Ftf2%2FVintage%2BWhiskered%2BGentleman%0A%0ANAME%3A+vintage+hustler%27s+hallmark%2C+BOT%3A+Vintage+Collector%2C+LINK%3A+https%3A%2F%2Fstntrading.eu%2Fitem%2Ftf2%2FVintage%2BHustler%2527s%2BHallmark%0A HTTP/1.1" 200 711
2024-05-07 12:08:17,105 INFO __main__ 1715072897 Program started
2024-05-07 12:08:17,107 DEBUG urllib3.connectionpool Starting new HTTPS connection (1): steamcommunity.com:443
2024-05-07 12:08:18,167 DEBUG urllib3.connectionpool https://steamcommunity.com:443 "GET /inventory/76561198383794129/440/2?count=3000 HTTP/1.1" 200 None
2024-05-07 12:08:26,369 DEBUG urllib3.connectionpool https://steamcommunity.com:443 "GET /inventory/76561199582352552/440/2?count=3000 HTTP/1.1" 200 None
2024-05-07 12:08:31,992 DEBUG urllib3.connectionpool Starting new HTTPS connection (1): stntrading.eu:443
2024-05-07 12:08:32,275 DEBUG urllib3.connectionpool https://stntrading.eu:443 "POST /api/search HTTP/1.1" 200 None
2024-05-07 12:08:54,700 INFO __main__ 1715072934 Program started
2024-05-07 12:08:54,702 DEBUG urllib3.connectionpool Starting new HTTPS connection (1): steamcommunity.com:443
2024-05-07 12:08:55,681 DEBUG urllib3.connectionpool https://steamcommunity.com:443 "GET /inventory/76561198383794129/440/2?count=3000 HTTP/1.1" 200 None
2024-05-07 12:09:03,919 DEBUG urllib3.connectionpool https://steamcommunity.com:443 "GET /inventory/76561199582352552/440/2?count=3000 HTTP/1.1" 200 None
2024-05-07 12:09:56,301 INFO __main__ 1715072996 Program started
2024-05-07 12:09:56,303 DEBUG urllib3.connectionpool Starting new HTTPS connection (1): steamcommunity.com:443
2024-05-07 12:09:57,599 DEBUG urllib3.connectionpool https://steamcommunity.com:443 "GET /inventory/76561198383794129/440/2?count=3000 HTTP/1.1" 200 None
2024-05-07 12:10:05,790 DEBUG urllib3.connectionpool https://steamcommunity.com:443 "GET /inventory/76561199582352552/440/2?count=3000 HTTP/1.1" 200 None
2024-05-07 12:10:11,504 DEBUG urllib3.connectionpool Starting new HTTPS connection (1): stntrading.eu:443
2024-05-07 12:10:11,674 DEBUG urllib3.connectionpool https://stntrading.eu:443 "POST /api/search HTTP/1.1" 200 None
2024-05-07 12:10:11,768 DEBUG urllib3.connectionpool Starting new HTTPS connection (1): api.telegram.org:443
2024-05-07 12:10:12,043 DEBUG urllib3.connectionpool https://api.telegram.org:443 "POST /bot7106357963:AAGVHfEj4kzhF5am444SIfpB8kRttDy_FHI/sendMessage?chat_id=6653108996&text=1+valuable+items%0ANAME%3A+strange+specialized+killstreak+festive+sniper+rifle%2C+BOT%3A+Killstreakifier%0A HTTP/1.1" 200 356
2024-05-08 00:15:46,404 INFO __main__ 1715116546 Program started
2024-05-08 00:15:53,837 INFO __main__ 1715116553 Program started
2024-05-08 00:15:53,846 DEBUG urllib3.connectionpool Starting new HTTPS connection (1): steamcommunity.com:443
2024-05-08 00:15:54,998 DEBUG urllib3.connectionpool https://steamcommunity.com:443 "GET /inventory/76561198068574872/440/2?count=3000 HTTP/1.1" 200 None
2024-05-08 00:15:59,078 DEBUG urllib3.connectionpool https://steamcommunity.com:443 "GET /inventory/76561198088922006/440/2?count=3000 HTTP/1.1" 200 None
2024-05-08 00:16:03,449 DEBUG urllib3.connectionpool https://steamcommunity.com:443 "GET /inventory/76561198135389128/440/2?count=3000 HTTP/1.1" 200 None
2024-05-08 00:16:07,686 DEBUG urllib3.connectionpool https://steamcommunity.com:443 "GET /inventory/76561198069063823/440/2?count=3000 HTTP/1.1" 200 None
2024-05-08 00:16:25,012 INFO __main__ 1715116585 Program started
2024-05-08 00:16:34,377 INFO __main__ 1715116594 Program started
2024-05-08 00:16:53,853 INFO __main__ 1715116613 Program started
2024-05-08 00:17:08,683 INFO __main__ 1715116628 Program started
2024-05-08 00:17:08,686 DEBUG urllib3.connectionpool Starting new HTTPS connection (1): steamcommunity.com:443
2024-05-08 00:17:09,229 DEBUG urllib3.connectionpool https://steamcommunity.com:443 "GET /inventory/76561198068574872/440/2?count=3000 HTTP/1.1" 200 None
2024-05-08 00:17:25,927 INFO __main__ 1715116645 Program started
2024-05-08 00:17:25,929 DEBUG urllib3.connectionpool Starting new HTTPS connection (1): steamcommunity.com:443
2024-05-08 00:17:26,636 DEBUG urllib3.connectionpool https://steamcommunity.com:443 "GET /inventory/76561198088922006/440/2?count=3000 HTTP/1.1" 200 None
2024-05-08 00:17:31,015 DEBUG urllib3.connectionpool https://steamcommunity.com:443 "GET /inventory/76561198135389128/440/2?count=3000 HTTP/1.1" 200 None
2024-05-08 00:17:35,436 DEBUG urllib3.connectionpool https://steamcommunity.com:443 "GET /inventory/76561198069063823/440/2?count=3000 HTTP/1.1" 200 None
2024-05-08 00:17:56,087 INFO __main__ 1715116676 Program started
2024-05-08 00:17:56,089 DEBUG urllib3.connectionpool Starting new HTTPS connection (1): steamcommunity.com:443
2024-05-08 00:17:56,589 DEBUG urllib3.connectionpool https://steamcommunity.com:443 "GET /inventory/76561198088922006/440/2?count=3000 HTTP/1.1" 200 None
2024-05-08 00:18:01,491 DEBUG urllib3.connectionpool https://steamcommunity.com:443 "GET /inventory/76561198135389128/440/2?count=3000 HTTP/1.1" 200 None
2024-05-08 00:18:05,720 DEBUG urllib3.connectionpool https://steamcommunity.com:443 "GET /inventory/76561198069063823/440/2?count=3000 HTTP/1.1" 200 None
2024-05-08 00:18:10,124 DEBUG urllib3.connectionpool Starting new HTTPS connection (1): api.telegram.org:443
2024-05-08 00:18:10,412 DEBUG urllib3.connectionpool https://api.telegram.org:443 "POST /bot7106357963:AAGVHfEj4kzhF5am444SIfpB8kRttDy_FHI/sendMessage?chat_id=6653108996&text=1+valuable+items%0ANAME%3A+bill%27s+hat%0A HTTP/1.1" 200 293
2024-05-08 00:18:58,975 INFO __main__ 1715116738 Program started
2024-05-08 00:18:58,978 DEBUG urllib3.connectionpool Starting new HTTPS connection (1): steamcommunity.com:443
2024-05-08 00:19:00,071 DEBUG urllib3.connectionpool https://steamcommunity.com:443 "GET /inventory/76561198134180324/440/2?count=3000 HTTP/1.1" 200 None
2024-05-08 00:19:03,573 DEBUG urllib3.connectionpool https://steamcommunity.com:443 "GET /inventory/76561198134185791/440/2?count=3000 HTTP/1.1" 200 22225
2024-05-08 00:19:06,884 DEBUG urllib3.connectionpool https://steamcommunity.com:443 "GET /inventory/76561198068475408/440/2?count=3000 HTTP/1.1" 200 35866
2024-05-08 00:19:08,833 DEBUG urllib3.connectionpool https://steamcommunity.com:443 "GET /inventory/76561198068475408/440/2?count=3000 HTTP/1.1" 200 35866
2024-05-08 00:19:10,830 DEBUG urllib3.connectionpool https://steamcommunity.com:443 "GET /inventory/76561198134196177/440/2?count=3000 HTTP/1.1" 200 20830
2024-05-08 00:19:14,675 DEBUG urllib3.connectionpool https://steamcommunity.com:443 "GET /inventory/76561198078813403/440/2?count=3000 HTTP/1.1" 200 None
2024-05-08 00:19:18,802 DEBUG urllib3.connectionpool Starting new HTTPS connection (1): api.telegram.org:443
2024-05-08 00:19:19,414 DEBUG urllib3.connectionpool https://api.telegram.org:443 "POST /bot7106357963:AAGVHfEj4kzhF5am444SIfpB8kRttDy_FHI/sendMessage?chat_id=6653108996&text=1+valuable+items%0ANAME%3A+strange+cleaner%27s+carbine%0A HTTP/1.1" 200 308
2024-05-08 00:22:04,820 INFO __main__ 1715116924 Program started
2024-05-08 00:22:04,823 DEBUG urllib3.connectionpool Starting new HTTPS connection (1): steamcommunity.com:443
2024-05-08 00:22:05,559 DEBUG urllib3.connectionpool https://steamcommunity.com:443 "GET /inventory/76561198095601199/440/2?count=3000 HTTP/1.1" 200 None
2024-05-08 00:22:12,352 DEBUG urllib3.connectionpool https://steamcommunity.com:443 "GET /inventory/76561198134194828/440/2?count=3000 HTTP/1.1" 200 20818
2024-05-08 00:22:15,236 DEBUG urllib3.connectionpool Starting new HTTPS connection (1): api.telegram.org:443
2024-05-08 00:22:15,599 DEBUG urllib3.connectionpool https://api.telegram.org:443 "POST /bot7106357963:AAGVHfEj4kzhF5am444SIfpB8kRttDy_FHI/sendMessage?chat_id=6653108996&text=2+valuable+items%0ANAME%3A+strange+goalkeeper%0A%0ANAME%3A+strange+your+worst+nightmare%0A HTTP/1.1" 200 339
2024-05-08 00:22:50,310 INFO __main__ 1715116970 Program started
2024-05-08 00:22:50,312 DEBUG urllib3.connectionpool Starting new HTTPS connection (1): steamcommunity.com:443
2024-05-08 00:22:50,816 DEBUG urllib3.connectionpool https://steamcommunity.com:443 "GET /inventory/76561198088939985/440/2?count=3000 HTTP/1.1" 200 None
2024-05-08 00:22:56,732 DEBUG urllib3.connectionpool https://steamcommunity.com:443 "GET /inventory/76561198090776668/440/2?count=3000 HTTP/1.1" 200 12302
2024-05-08 00:23:01,516 DEBUG urllib3.connectionpool https://steamcommunity.com:443 "GET /inventory/76561198080394134/440/2?count=3000 HTTP/1.1" 200 77754
2024-05-08 00:23:08,741 DEBUG urllib3.connectionpool https://steamcommunity.com:443 "GET /inventory/76561198134193428/440/2?count=3000 HTTP/1.1" 200 19749
2024-05-08 00:23:12,056 DEBUG urllib3.connectionpool https://steamcommunity.com:443 "GET /inventory/76561198090946118/440/2?count=3000 HTTP/1.1" 200 None
2024-05-08 00:23:17,640 DEBUG urllib3.connectionpool Starting new HTTPS connection (1): api.telegram.org:443
2024-05-08 00:23:18,010 DEBUG urllib3.connectionpool https://api.telegram.org:443 "POST /bot7106357963:AAGVHfEj4kzhF5am444SIfpB8kRttDy_FHI/sendMessage?chat_id=6653108996&text=1+valuable+items%0ANAME%3A+the+essential+accessories%0A HTTP/1.1" 200 308
2024-05-08 00:25:25,154 INFO __main__ 1715117125 Program started
2024-05-08 00:25:36,764 INFO __main__ 1715117136 Program started
2024-05-18 14:00:35,564 INFO __main__ 1716030035 Program started
2024-05-18 14:00:51,007 INFO __main__ 1716030051 Program started
2024-05-18 14:01:17,581 INFO __main__ 1716030077 Program started
2024-05-18 14:01:17,583 DEBUG urllib3.connectionpool Starting new HTTPS connection (1): steamcommunity.com:443
2024-05-18 14:01:18,376 DEBUG urllib3.connectionpool https://steamcommunity.com:443 "GET /inventory/76561198383794129/440/2?count=3000 HTTP/1.1" 200 None
2024-05-18 14:03:07,016 INFO __main__ 1716030187 Program started
2024-05-18 14:03:07,018 DEBUG urllib3.connectionpool Starting new HTTPS connection (1): steamcommunity.com:443
2024-05-18 14:03:07,860 DEBUG urllib3.connectionpool https://steamcommunity.com:443 "GET /inventory/76561198383794129/440/2?count=3000 HTTP/1.1" 200 None
2024-05-18 14:07:00,007 INFO __main__ 1716030420 Program started
2024-05-18 14:07:00,009 DEBUG urllib3.connectionpool Starting new HTTPS connection (1): steamcommunity.com:443
2024-05-18 14:07:00,994 DEBUG urllib3.connectionpool https://steamcommunity.com:443 "GET /inventory/76561198383794129/440/2?count=3000 HTTP/1.1" 200 None
2024-05-18 14:07:09,776 DEBUG urllib3.connectionpool https://steamcommunity.com:443 "GET /inventory/76561199582352552/440/2?count=3000 HTTP/1.1" 200 None
2024-05-18 14:15:33,455 INFO __main__ 1716030933 Program started
2024-05-18 14:15:33,457 DEBUG urllib3.connectionpool Starting new HTTPS connection (1): steamcommunity.com:443
2024-05-18 14:15:33,793 DEBUG urllib3.connectionpool https://steamcommunity.com:443 "GET /inventory/7/440/2?count=3000 HTTP/1.1" 404 24
2024-05-18 14:15:34,009 DEBUG urllib3.connectionpool https://steamcommunity.com:443 "GET /inventory/6/440/2?count=3000 HTTP/1.1" 404 24
2024-05-18 14:15:34,221 DEBUG urllib3.connectionpool https://steamcommunity.com:443 "GET /inventory/5/440/2?count=3000 HTTP/1.1" 404 24
2024-05-18 14:15:34,223 INFO __main__ 1716030934 Ran unsuccessfully, tried too many times
2024-05-18 14:15:57,384 INFO __main__ 1716030957 Program started
2024-05-18 14:15:57,386 DEBUG urllib3.connectionpool Starting new HTTPS connection (1): steamcommunity.com:443
2024-05-18 14:15:58,320 DEBUG urllib3.connectionpool https://steamcommunity.com:443 "GET /inventory/76561198383794129/440/2?count=3000 HTTP/1.1" 200 None
2024-05-18 14:16:06,303 DEBUG urllib3.connectionpool Starting new HTTPS connection (1): stntrading.eu:443
2024-05-18 14:16:06,546 DEBUG urllib3.connectionpool https://stntrading.eu:443 "POST /api/search HTTP/1.1" 200 None
2024-05-18 14:16:06,626 DEBUG urllib3.connectionpool Starting new HTTPS connection (1): stntrading.eu:443
2024-05-18 14:16:06,810 DEBUG urllib3.connectionpool https://stntrading.eu:443 "POST /api/search HTTP/1.1" 403 None
2024-05-18 14:22:16,282 INFO __main__ 1716031336 Program started
2024-05-18 14:22:16,285 DEBUG urllib3.connectionpool Starting new HTTPS connection (1): steamcommunity.com:443
2024-05-18 14:22:17,293 DEBUG urllib3.connectionpool https://steamcommunity.com:443 "GET /inventory/76561198383794129/440/2?count=3000 HTTP/1.1" 200 None
2024-05-18 14:22:57,149 INFO __main__ 1716031377 Program started
2024-05-18 14:22:57,150 DEBUG urllib3.connectionpool Starting new HTTPS connection (1): steamcommunity.com:443
2024-05-18 14:22:57,997 DEBUG urllib3.connectionpool https://steamcommunity.com:443 "GET /inventory/76561199582352552/440/2?count=3000 HTTP/1.1" 200 None
2024-05-18 14:23:04,411 DEBUG urllib3.connectionpool Starting new HTTPS connection (1): stntrading.eu:443
2024-05-18 14:23:04,666 DEBUG urllib3.connectionpool https://stntrading.eu:443 "POST /api/search HTTP/1.1" 200 None
2024-05-18 14:30:22,955 INFO __main__ 1716031822 Program started
2024-05-18 14:30:22,957 DEBUG urllib3.connectionpool Starting new HTTPS connection (1): steamcommunity.com:443
2024-05-18 14:30:24,120 DEBUG urllib3.connectionpool https://steamcommunity.com:443 "GET /inventory/76561199582352552/440/2?count=3000 HTTP/1.1" 200 None
2024-05-18 14:30:30,596 DEBUG urllib3.connectionpool Starting new HTTPS connection (1): stntrading.eu:443
2024-05-18 14:30:30,954 DEBUG urllib3.connectionpool https://stntrading.eu:443 "POST /api/search HTTP/1.1" 403 None
2024-05-18 14:32:36,711 INFO __main__ 1716031956 Program started
2024-05-18 14:32:36,713 DEBUG urllib3.connectionpool Starting new HTTPS connection (1): steamcommunity.com:443
2024-05-18 14:32:37,585 DEBUG urllib3.connectionpool https://steamcommunity.com:443 "GET /inventory/76561199582352552/440/2?count=3000 HTTP/1.1" 200 None
2024-05-18 14:32:44,041 DEBUG urllib3.connectionpool Starting new HTTPS connection (1): stntrading.eu:443
2024-05-18 14:32:44,288 DEBUG urllib3.connectionpool https://stntrading.eu:443 "POST /api/search HTTP/1.1" 200 None
2024-05-18 14:32:44,398 DEBUG urllib3.connectionpool Starting new HTTPS connection (1): stntrading.eu:443
2024-05-18 14:32:44,601 DEBUG urllib3.connectionpool https://stntrading.eu:443 "POST /api/search HTTP/1.1" 403 None
2024-05-18 14:34:53,424 INFO __main__ 1716032093 Program started
2024-05-18 14:34:53,427 DEBUG urllib3.connectionpool Starting new HTTPS connection (1): steamcommunity.com:443
2024-05-18 14:34:54,305 DEBUG urllib3.connectionpool https://steamcommunity.com:443 "GET /inventory/76561199582352552/440/2?count=3000 HTTP/1.1" 200 None
2024-05-18 14:35:20,039 INFO __main__ 1716032120 Program started
2024-05-18 14:35:20,041 DEBUG urllib3.connectionpool Starting new HTTPS connection (1): steamcommunity.com:443
2024-05-18 14:35:21,051 DEBUG urllib3.connectionpool https://steamcommunity.com:443 "GET /inventory/76561198310024994/440/2?count=3000 HTTP/1.1" 200 None
2024-05-18 14:35:27,753 DEBUG urllib3.connectionpool Starting new HTTPS connection (1): api.telegram.org:443
2024-05-18 14:35:28,107 DEBUG urllib3.connectionpool https://api.telegram.org:443 "POST /bot7106357963:AAGVHfEj4kzhF5am444SIfpB8kRttDy_FHI/sendMessage?chat_id=6653108996&text=2+valuable+items%0ANAME%3A+bushman%27s+bristles%2C+BOT%3A+Hat+Rotator%2C+LINK%3A+https%3A%2F%2Fstntrading.eu%2Fitem%2Ftf2%2FBushman%2527s%2BBristles%0A%0ANAME%3A+haunted+mann-bird+of+aberdeen%2C+BOT%3A+Hat+Rotator%2C+LINK%3A+https%3A%2F%2Fstntrading.eu%2Fitem%2Ftf2%2FHaunted%2BMann-Bird%2Bof%2BAberdeen%0A HTTP/1.1" 200 680
2024-05-18 14:35:51,534 INFO __main__ 1716032151 Program started
2024-05-18 14:35:51,536 DEBUG urllib3.connectionpool Starting new HTTPS connection (1): steamcommunity.com:443
2024-05-18 14:35:52,412 DEBUG urllib3.connectionpool https://steamcommunity.com:443 "GET /inventory/76561199582352552/440/2?count=3000 HTTP/1.1" 200 None
2024-05-18 14:36:10,462 INFO __main__ 1716032170 Program started
2024-05-18 14:36:10,464 DEBUG urllib3.connectionpool Starting new HTTPS connection (1): steamcommunity.com:443
2024-05-18 14:36:11,554 DEBUG urllib3.connectionpool https://steamcommunity.com:443 "GET /inventory/76561198310454087/440/2?count=3000 HTTP/1.1" 200 None
2024-05-18 14:36:17,783 DEBUG urllib3.connectionpool Starting new HTTPS connection (1): api.telegram.org:443
2024-05-18 14:36:18,694 DEBUG urllib3.connectionpool https://api.telegram.org:443 "POST /bot7106357963:AAGVHfEj4kzhF5am444SIfpB8kRttDy_FHI/sendMessage?chat_id=6653108996&text=1+valuable+items%0ANAME%3A+soldier%27s+stash%2C+BOT%3A+Hat+Crafter%2C+LINK%3A+https%3A%2F%2Fstntrading.eu%2Fitem%2Ftf2%2FSoldier%2527s%2BStash%0A HTTP/1.1" 200 506
2024-05-18 14:36:27,584 INFO __main__ 1716032187 Program started
2024-05-18 14:36:27,586 DEBUG urllib3.connectionpool Starting new HTTPS connection (1): steamcommunity.com:443
2024-05-18 14:36:28,550 DEBUG urllib3.connectionpool https://steamcommunity.com:443 "GET /inventory/76561198309976634/440/2?count=3000 HTTP/1.1" 200 None
2024-05-18 14:37:20,294 INFO __main__ 1716032240 Program started
2024-05-18 14:37:20,296 DEBUG urllib3.connectionpool Starting new HTTPS connection (1): steamcommunity.com:443
2024-05-18 14:37:21,353 DEBUG urllib3.connectionpool https://steamcommunity.com:443 "GET /inventory/76561198309976634/440/2?count=3000 HTTP/1.1" 200 None
2024-05-18 14:41:18,603 INFO __main__ 1716032478 Program started
2024-05-18 14:41:18,605 DEBUG urllib3.connectionpool Starting new HTTPS connection (1): steamcommunity.com:443
2024-05-18 16:25:05,861 INFO __main__ 1716038705 Program started
2024-05-18 16:25:05,863 DEBUG urllib3.connectionpool Starting new HTTPS connection (1): steamcommunity.com:443
2024-05-18 16:25:06,239 DEBUG urllib3.connectionpool https://steamcommunity.com:443 "GET /inventory/%5B'76561198309976634',%20'76561198310524424',%20'76561199582907694',%20'76561198309190452',%20'76561198309291300'%5D/440/2?count=3000 HTTP/1.1" 404 24
2024-05-18 16:25:23,495 INFO __main__ 1716038723 Program started
2024-05-18 16:25:23,498 DEBUG urllib3.connectionpool Starting new HTTPS connection (1): steamcommunity.com:443
2024-05-18 16:25:24,506 DEBUG urllib3.connectionpool https://steamcommunity.com:443 "GET /inventory/76561198309976634/440/2?count=3000 HTTP/1.1" 200 None
2024-05-18 16:25:34,698 DEBUG urllib3.connectionpool https://steamcommunity.com:443 "GET /inventory/76561198310524424/440/2?count=3000 HTTP/1.1" 200 None
2024-05-18 16:25:44,073 DEBUG urllib3.connectionpool https://steamcommunity.com:443 "GET /inventory/76561199582907694/440/2?count=3000 HTTP/1.1" 200 None
2024-05-18 16:25:51,983 DEBUG urllib3.connectionpool https://steamcommunity.com:443 "GET /inventory/76561198309190452/440/2?count=3000 HTTP/1.1" 200 None
2024-05-18 16:25:59,793 DEBUG urllib3.connectionpool https://steamcommunity.com:443 "GET /inventory/76561198309291300/440/2?count=3000 HTTP/1.1" 200 None
2024-05-18 16:26:09,052 DEBUG urllib3.connectionpool Starting new HTTPS connection (1): api.telegram.org:443
2024-05-18 16:26:09,469 DEBUG urllib3.connectionpool https://api.telegram.org:443 "POST /bot7106357963:AAGVHfEj4kzhF5am444SIfpB8kRttDy_FHI/sendMessage?chat_id=6653108996&text=6+valuable+items%0ANAME%3A+the+toadstool+topper%2C+BOT%3A+I+Love+Hats%2C+LINK%3A+https%3A%2F%2Fstntrading.eu%2Fitem%2Ftf2%2FThe+Toadstool+Topper%0A%0ANAME%3A+haunted+hard-headed+hardware%2C+BOT%3A+I+Love+Hats%2C+LINK%3A+https%3A%2F%2Fstntrading.eu%2Fitem%2Ftf2%2FHaunted+Hard-Headed+Hardware%0A%0ANAME%3A+haunted+cauterizer%27s+caudal+appendage%2C+BOT%3A+I+Love+Hats%2C+LINK%3A+https%3A%2F%2Fstntrading.eu%2Fitem%2Ftf2%2FHaunted+Cauterizer%27s+Caudal+Appendage%0A%0ANAME%3A+el+duderino%2C+BOT%3A+Hat+Provider%2C+LINK%3A+https%3A%2F%2Fstntrading.eu%2Fitem%2Ftf2%2FEl+Duderino%0A%0ANAME%3A+unknown+mann%2C+BOT%3A+Hat+Provider%2C+LINK%3A+https%3A%2F%2Fstntrading.eu%2Fitem%2Ftf2%2FUnknown+Mann%0A%0ANAME%3A+voodoo+juju%2C+BOT%3A+Hat+Provider%2C+LINK%3A+https%3A%2F%2Fstntrading.eu%2Fitem%2Ftf2%2FVoodoo+Juju%0A HTTP/1.1" 200 1236
2024-05-18 16:30:55,304 INFO __main__ 1716039055 Program started
2024-05-18 16:30:55,308 DEBUG urllib3.connectionpool Starting new HTTPS connection (1): steamcommunity.com:443
2024-05-18 16:30:56,353 DEBUG urllib3.connectionpool https://steamcommunity.com:443 "GET /inventory/76561198309976634/440/2?count=3000 HTTP/1.1" 200 None
2024-05-18 16:31:05,210 DEBUG urllib3.connectionpool https://steamcommunity.com:443 "GET /inventory/76561198310524424/440/2?count=3000 HTTP/1.1" 200 None
2024-05-18 16:31:14,475 DEBUG urllib3.connectionpool https://steamcommunity.com:443 "GET /inventory/76561199582907694/440/2?count=3000 HTTP/1.1" 200 None
2024-05-18 16:31:22,900 DEBUG urllib3.connectionpool https://steamcommunity.com:443 "GET /inventory/76561198309190452/440/2?count=3000 HTTP/1.1" 200 None
2024-05-18 16:31:32,193 DEBUG urllib3.connectionpool https://steamcommunity.com:443 "GET /inventory/76561198309291300/440/2?count=3000 HTTP/1.1" 200 None
2024-05-18 16:32:56,447 INFO __main__ 1716039176 Program started
2024-05-18 16:32:56,449 DEBUG urllib3.connectionpool Starting new HTTPS connection (1): steamcommunity.com:443
2024-05-18 16:32:57,474 DEBUG urllib3.connectionpool https://steamcommunity.com:443 "GET /inventory/76561198309976634/440/2?count=3000 HTTP/1.1" 200 None
2024-05-18 16:33:06,385 DEBUG urllib3.connectionpool https://steamcommunity.com:443 "GET /inventory/76561198310524424/440/2?count=3000 HTTP/1.1" 200 None
2024-05-18 16:33:15,730 DEBUG urllib3.connectionpool https://steamcommunity.com:443 "GET /inventory/76561199582907694/440/2?count=3000 HTTP/1.1" 200 None
2024-05-18 16:33:24,381 DEBUG urllib3.connectionpool https://steamcommunity.com:443 "GET /inventory/76561198309190452/440/2?count=3000 HTTP/1.1" 200 None
2024-05-18 16:33:33,345 DEBUG urllib3.connectionpool https://steamcommunity.com:443 "GET /inventory/76561198309291300/440/2?count=3000 HTTP/1.1" 200 None
2024-05-18 16:33:41,282 DEBUG urllib3.connectionpool Starting new HTTPS connection (1): api.telegram.org:443
2024-05-18 16:33:41,728 DEBUG urllib3.connectionpool https://api.telegram.org:443 "POST /bot7106357963:AAGVHfEj4kzhF5am444SIfpB8kRttDy_FHI/sendMessage?chat_id=6653108996&text=2+valuable+items%0ANAME%3A+the+toadstool+topper%2C+BOT%3A+I+Love+Hats%2C+LINK%3A+https%3A%2F%2Fstntrading.eu%2Fitem%2Ftf2%2FThe%2BToadstool%2BTopper%0A%0ANAME%3A+voodoo+juju%2C+BOT%3A+Scrap+Hats%2C+LINK%3A+https%3A%2F%2Fstntrading.eu%2Fitem%2Ftf2%2FVoodoo%2BJuju%0A HTTP/1.1" 200 645
2024-05-19 18:13:04,287 INFO __main__ 1716131584 Program started
2024-05-19 18:22:36,875 INFO __main__ 1716132156 Program started
2024-05-19 18:39:21,700 INFO __main__ 1716133161 Program started
2024-05-19 18:40:06,249 INFO __main__ 1716133206 Program started
2024-05-19 18:40:45,545 INFO __main__ 1716133245 Program started
2024-05-19 18:43:21,389 INFO __main__ 1716133401 Program started
2024-05-19 18:43:21,398 DEBUG urllib3.connectionpool Starting new HTTPS connection (1): steamcommunity.com:443
2024-05-19 18:43:22,526 DEBUG urllib3.connectionpool https://steamcommunity.com:443 "GET /inventory/76561198309976634/440/2?count=3000 HTTP/1.1" 200 None
2024-05-19 18:52:15,724 INFO __main__ 1716133935 Program started
2024-05-19 18:52:15,726 DEBUG urllib3.connectionpool Starting new HTTPS connection (1): steamcommunity.com:443
2024-05-19 18:52:16,891 DEBUG urllib3.connectionpool https://steamcommunity.com:443 "GET /inventory/76561198309976634/440/2?count=3000 HTTP/1.1" 200 None
